#
# There is insufficient memory for the Java Runtime Environment to continue.
# Native memory allocation (malloc) failed to allocate 1048576 bytes for AllocateHeap
# Possible reasons:
#   The system is out of physical RAM or swap space
#   In 32 bit mode, the process size limit was hit
# Possible solutions:
#   Reduce memory load on the system
#   Increase physical memory or swap space
#   Check if swap backing store is full
#   Use 64 bit Java on a 64 bit OS
#   Decrease Java heap size (-Xmx/-Xms)
#   Decrease number of Java threads
#   Decrease Java thread stack sizes (-Xss)
#   Set larger code cache with -XX:ReservedCodeCacheSize=
# This output file may be truncated or incomplete.
#
#  Out of Memory Error (memory/allocation.inline.hpp:61), pid=3788, tid=0x00000000000067b4
#
# JRE version:  (8.0) (build )
# Java VM: OpenJDK 64-Bit Server VM (25.71-b00 mixed mode windows-amd64 compressed oops)
# Failed to write core dump. Minidumps are not enabled by default on client versions of Windows
#

---------------  T H R E A D  ---------------

Current thread (0x00000000029b3000):  JavaThread "Unknown thread" [_thread_in_vm, id=26548, stack(0x00000000028b0000,0x00000000029b0000)]

Stack: [0x00000000028b0000,0x00000000029b0000]
[error occurred during error reporting (printing stack bounds), id 0xc0000005]

Native frames: (J=compiled Java code, j=interpreted, Vv=VM code, C=native code)


---------------  P R O C E S S  ---------------

Java Threads: ( => current thread )

Other Threads:

=>0x00000000029b3000 (exited) JavaThread "Unknown thread" [_thread_in_vm, id=26548, stack(0x00000000028b0000,0x00000000029b0000)]

VM state:not at safepoint (normal execution)

VM Mutex/Monitor currently owned by a thread: None

Heap:
 PSYoungGen      total 76288K, used 1310K [0x000000076af00000, 0x0000000770400000, 0x00000007c0000000)
  eden space 65536K, 2% used [0x000000076af00000,0x000000076b047af0,0x000000076ef00000)
  from space 10752K, 0% used [0x000000076f980000,0x000000076f980000,0x0000000770400000)
  to   space 10752K, 0% used [0x000000076ef00000,0x000000076ef00000,0x000000076f980000)
 ParOldGen       total 175104K, used 0K [0x00000006c0c00000, 0x00000006cb700000, 0x000000076af00000)
  object space 175104K, 0% used [0x00000006c0c00000,0x00000006c0c00000,0x00000006cb700000)
 Metaspace       used 777K, capacity 4480K, committed 4480K, reserved 1056768K
  class space    used 74K, capacity 384K, committed 384K, reserved 1048576K

Card table byte_map: [0x0000000011e70000,0x0000000012670000] byte_map_base: 0x000000000e86a000

Marking Bits: (ParMarkBitMap*) 0x00000000513cbe50
 Begin Bits: [0x00000000133d0000, 0x00000000173a0000)
 End Bits:   [0x00000000173a0000, 0x000000001b370000)

Polling page: 0x0000000001010000

CodeCache: size=245760Kb used=328Kb max_used=328Kb free=245431Kb
 bounds [0x0000000002ab0000, 0x0000000002d20000, 0x0000000011ab0000]
 total_blobs=57 nmethods=0 adapters=38
 compilation: enabled

Compilation events (0 events):
No events

GC Heap History (0 events):
No events

Deoptimization events (0 events):
No events

Classes redefined (0 events):
No events

Internal exceptions (0 events):
No events

Events (10 events):
Event: 0.014 loading class java/lang/Short
Event: 0.015 loading class java/lang/Short done
Event: 0.015 loading class java/lang/Integer
Event: 0.015 loading class java/lang/Integer done
Event: 0.015 loading class java/lang/Long
Event: 0.015 loading class java/lang/Long done
Event: 0.015 loading class java/lang/NullPointerException
Event: 0.015 loading class java/lang/NullPointerException done
Event: 0.015 loading class java/lang/ArithmeticException
Event: 0.015 loading class java/lang/ArithmeticException done


Dynamic libraries:
0x00007ff644040000 - 0x00007ff644075000 	C:\Program Files\Unity\Hub\Editor\2021.3.14f1\Editor\Data\PlaybackEngines\AndroidPlayer\OpenJDK\bin\java.exe
0x00007ffcd6cd0000 - 0x00007ffcd6ec8000 	C:\WINDOWS\SYSTEM32\ntdll.dll
0x00007ffc9b4f0000 - 0x00007ffc9b507000 	C:\Program Files\AVAST Software\Avast\aswhook.dll
0x00007ffcd4e20000 - 0x00007ffcd4edf000 	C:\WINDOWS\System32\KERNEL32.DLL
0x00007ffcd4450000 - 0x00007ffcd4722000 	C:\WINDOWS\System32\KERNELBASE.dll
0x00007ffcd51f0000 - 0x00007ffcd529e000 	C:\WINDOWS\System32\ADVAPI32.dll
0x00007ffcd5f60000 - 0x00007ffcd5ffe000 	C:\WINDOWS\System32\msvcrt.dll
0x00007ffcd54e0000 - 0x00007ffcd557c000 	C:\WINDOWS\System32\sechost.dll
0x00007ffcd68b0000 - 0x00007ffcd69d5000 	C:\WINDOWS\System32\RPCRT4.dll
0x00007ffcd6a90000 - 0x00007ffcd6c2d000 	C:\WINDOWS\System32\USER32.dll
0x00007ffcd4420000 - 0x00007ffcd4442000 	C:\WINDOWS\System32\win32u.dll
0x00007ffcd5300000 - 0x00007ffcd532b000 	C:\WINDOWS\System32\GDI32.dll
0x00007ffcd4ae0000 - 0x00007ffcd4bef000 	C:\WINDOWS\System32\gdi32full.dll
0x00007ffcd4c80000 - 0x00007ffcd4d1d000 	C:\WINDOWS\System32\msvcp_win.dll
0x00007ffcd48c0000 - 0x00007ffcd49c0000 	C:\WINDOWS\System32\ucrtbase.dll
0x00007ffcc3c80000 - 0x00007ffcc3f1a000 	C:\WINDOWS\WinSxS\amd64_microsoft.windows.common-controls_6595b64144ccf1df_6.0.19041.1110_none_60b5254171f9507e\COMCTL32.dll
0x00007ffcd5f20000 - 0x00007ffcd5f52000 	C:\WINDOWS\System32\IMM32.DLL
0x0000000051450000 - 0x0000000051522000 	C:\Program Files\Unity\Hub\Editor\2021.3.14f1\Editor\Data\PlaybackEngines\AndroidPlayer\OpenJDK\jre\bin\msvcr100.dll
0x0000000050c00000 - 0x0000000051449000 	C:\Program Files\Unity\Hub\Editor\2021.3.14f1\Editor\Data\PlaybackEngines\AndroidPlayer\OpenJDK\jre\bin\server\jvm.dll
0x00007ffcd51e0000 - 0x00007ffcd51e8000 	C:\WINDOWS\System32\PSAPI.DLL
0x00007ffcbf050000 - 0x00007ffcbf059000 	C:\WINDOWS\SYSTEM32\WSOCK32.dll
0x00007ffccd9b0000 - 0x00007ffccd9ba000 	C:\WINDOWS\SYSTEM32\VERSION.dll
0x00007ffcc4b30000 - 0x00007ffcc4b57000 	C:\WINDOWS\SYSTEM32\WINMM.dll
0x00007ffcd5590000 - 0x00007ffcd55fb000 	C:\WINDOWS\System32\WS2_32.dll
0x00007ffccdc20000 - 0x00007ffccdc2f000 	C:\Program Files\Unity\Hub\Editor\2021.3.14f1\Editor\Data\PlaybackEngines\AndroidPlayer\OpenJDK\jre\bin\verify.dll
0x00007ffcc4d40000 - 0x00007ffcc4d69000 	C:\Program Files\Unity\Hub\Editor\2021.3.14f1\Editor\Data\PlaybackEngines\AndroidPlayer\OpenJDK\jre\bin\java.dll
0x00007ffcc4f70000 - 0x00007ffcc4f86000 	C:\Program Files\Unity\Hub\Editor\2021.3.14f1\Editor\Data\PlaybackEngines\AndroidPlayer\OpenJDK\jre\bin\zip.dll

VM Arguments:
jvm_args: -Dfile.encoding=UTF-8 
java_command: <unknown>
java_class_path (initial): .
Launcher Type: SUN_STANDARD

Environment Variables:
JAVA_HOME=C:\Program Files\Unity\Hub\Editor\2021.3.14f1\Editor\Data\PlaybackEngines\AndroidPlayer\OpenJDK
JAVA_TOOL_OPTIONS=-Dfile.encoding=UTF-8
PATH=C:\Program Files\NVIDIA GPU Computing Toolkit\CUDA\v10.1\bin;C:\Program Files\NVIDIA GPU Computing Toolkit\CUDA\v10.1\libnvvp;C:\Program Files (x86)\Common Files\Oracle\Java\javapath;C:\ProgramData\Oracle\Java\javapath;C:\Program Files (x86)\Intel\iCLS Client\;C:\Program Files\Intel\iCLS Client\;C:\WINDOWS\system32;C:\WINDOWS;C:\WINDOWS\System32\Wbem;C:\WINDOWS\System32\WindowsPowerShell\v1.0\;C:\Program Files (x86)\Intel\Intel(R) Management Engine Components\DAL;C:\Program Files\Intel\Intel(R) Management Engine Components\DAL;C:\Program Files (x86)\Intel\Intel(R) Management Engine Components\IPT;C:\Program Files\Intel\Intel(R) Management Engine Components\IPT;C:\Program Files (x86)\GtkSharp\2.12\bin;C:\Program Files\dotnet\;C:\Program Files\Microsoft SQL Server\130\Tools\Binn\;C:\Program Files (x86)\Windows Kits\8.1\Windows Performance Toolkit\;C:\WINDOWS\System32\OpenSSH\;C:\Program Files\TortoiseGit\bin;C:\Program Files\CMake\bin;C:\Program Files\NVIDIA Corporation\Nsight Compute 2019.1\;C:\Program Files\Git LFS;C:\Program Files\LLVM\bin;C:\WINDOWS\system32;C:\WINDOWS;C:\WINDOWS\System32\Wbem;C:\WINDOWS\System32\WindowsPowerShell\v1.0\;C:\WINDOWS\System32\OpenSSH\;C:\Program Files\Git\cmd;C:\Program Files\nodejs\;C:\Program Files\NVIDIA Corporation\NVIDIA NvDLISR;C:\Program Files (x86)\NVIDIA Corporation\PhysX\Common;C:\Users\Josep\AppData\Local\Programs\Python\Python38-32\Scripts\;C:\Users\Josep\AppData\Local\Programs\Python\Python38-32\;C:\Users\Josep\AppData\Local\Programs\Python\Launcher\;C:\Users\Josep\AppData\Local\Microsoft\WindowsApps;C:\Users\Josep\AppData\Roaming\npm;C:\Users\Josep\AppData\Local\Programs\Microsoft VS Code\bin;C:\Users\Josep\.dotnet\tools;C:\Program Files\Unity\Hub\Editor\2021.3.14f1\Editor\Data\PlaybackEngines\AndroidPlayer\OpenJDK;
USERNAME=Josep
OS=Windows_NT
PROCESSOR_IDENTIFIER=Intel64 Family 6 Model 158 Stepping 9, GenuineIntel



---------------  S Y S T E M  ---------------

OS: Windows 10.0 , 64 bit Build 19041 (10.0.19041.2251)

CPU:total 8 (initial active 8) (4 cores per cpu, 2 threads per core) family 6 model 158 stepping 9, cmov, cx8, fxsr, mmx, sse, sse2, sse3, ssse3, sse4.1, sse4.2, popcnt, avx, avx2, aes, clmul, erms, rtm, 3dnowpref, lzcnt, ht, tsc, tscinvbit, bmi1, bmi2, adx

Memory: 4k page, physical 16725848k(4157044k free), swap 20920152k(5616k free)

vm_info: OpenJDK 64-Bit Server VM (25.71-b00) for windows-amd64 JRE (1.8.0-adoptopenjdk-_2018_05_19_00_59-b00), built on May 19 2018 01:02:12 by "jenkins" with MS VC++ 10.0 (VS2010)

time: Fri Dec 16 17:40:33 2022
elapsed time: 0 seconds (0d 0h 0m 0s)

